Build started 2014-04-07 오후 4:36:53.
     1>Project "C:\Users\KMU\Documents\Courses\Unity-Final-Exam4\ComputerGraphics\Origin\Origin\FrameWork\FrameWork.vcxproj" on node 2 (build target(s)).
     1>InitializeBuildStatus:
         Creating "Debug\FrameWork.unsuccessfulbuild" because "AlwaysCreate" was specified.
       ClCompile:
         C:\Program Files (x86)\Microsoft Visual Studio 10.0\VC\bin\CL.exe /c /I../utilities /IC:\Graphics\Tools\fltk\include /IC:\Graphics\Tools\glew\include /ZI /nologo /W3 /WX- /Od /Oy- /D WIN32 /D _DEBUG /D _CONSOLE /D FL_DLL /D _VC80_UPGRADE=0x0710 /D _MBCS /Gm /EHsc /RTC1 /MDd /GS /fp:precise /Zc:wchar_t /Zc:forScope /Fo"Debug\\" /Fd"Debug\vc100.pdb" /Gd /TP /analyze- /errorReport:prompt MyGlWindow.cpp RunButton.cpp main.cpp
         MyGlWindow.cpp
     1>c:\users\kmu\documents\courses\unity-final-exam4\computergraphics\origin\origin\framework\myglwindow.cpp(29): warning C4244: 'return' : conversion from '__int64' to 'unsigned int', possible loss of data
     1>c:\users\kmu\documents\courses\unity-final-exam4\computergraphics\origin\origin\framework\myglwindow.cpp(51): warning C4305: 'argument' : truncation from 'double' to 'const float'
     1>c:\users\kmu\documents\courses\unity-final-exam4\computergraphics\origin\origin\framework\myglwindow.cpp(51): warning C4305: 'argument' : truncation from 'double' to 'const float'
     1>c:\users\kmu\documents\courses\unity-final-exam4\computergraphics\origin\origin\framework\myglwindow.cpp(51): warning C4305: 'argument' : truncation from 'double' to 'const float'
     1>c:\users\kmu\documents\courses\unity-final-exam4\computergraphics\origin\origin\framework\myglwindow.cpp(51): warning C4305: 'argument' : truncation from 'double' to 'const float'
     1>c:\users\kmu\documents\courses\unity-final-exam4\computergraphics\origin\origin\framework\myglwindow.cpp(109): warning C4244: 'argument' : conversion from 'double' to 'const float', possible loss of data
     1>c:\users\kmu\documents\courses\unity-final-exam4\computergraphics\origin\origin\framework\myglwindow.cpp(109): warning C4244: 'argument' : conversion from 'double' to 'const float', possible loss of data
     1>c:\users\kmu\documents\courses\unity-final-exam4\computergraphics\origin\origin\framework\myglwindow.cpp(109): warning C4244: 'argument' : conversion from 'double' to 'const float', possible loss of data
     1>c:\users\kmu\documents\courses\unity-final-exam4\computergraphics\origin\origin\framework\myglwindow.cpp(141): warning C4244: 'argument' : conversion from 'double' to 'const float', possible loss of data
     1>c:\users\kmu\documents\courses\unity-final-exam4\computergraphics\origin\origin\framework\myglwindow.cpp(141): warning C4244: 'argument' : conversion from 'double' to 'const float', possible loss of data
     1>c:\users\kmu\documents\courses\unity-final-exam4\computergraphics\origin\origin\framework\myglwindow.cpp(141): warning C4244: 'argument' : conversion from 'double' to 'const float', possible loss of data
     1>c:\users\kmu\documents\courses\unity-final-exam4\computergraphics\origin\origin\framework\myglwindow.cpp(180): warning C4244: 'argument' : conversion from 'float' to 'int', possible loss of data
     1>c:\users\kmu\documents\courses\unity-final-exam4\computergraphics\origin\origin\framework\myglwindow.cpp(180): warning C4244: 'argument' : conversion from 'float' to 'int', possible loss of data
     1>c:\users\kmu\documents\courses\unity-final-exam4\computergraphics\origin\origin\framework\myglwindow.cpp(180): warning C4244: 'argument' : conversion from 'float' to 'int', possible loss of data
     1>c:\users\kmu\documents\courses\unity-final-exam4\computergraphics\origin\origin\framework\myglwindow.cpp(180): warning C4244: 'argument' : conversion from 'unsigned int' to 'const float', possible loss of data
     1>c:\users\kmu\documents\courses\unity-final-exam4\computergraphics\origin\origin\framework\myglwindow.cpp(180): warning C4244: 'argument' : conversion from 'unsigned int' to 'const float', possible loss of data
     1>c:\users\kmu\documents\courses\unity-final-exam4\computergraphics\origin\origin\framework\myglwindow.cpp(180): warning C4244: 'argument' : conversion from 'unsigned int' to 'const float', possible loss of data
     1>c:\users\kmu\documents\courses\unity-final-exam4\computergraphics\origin\origin\framework\myglwindow.cpp(182): error C2143: syntax error : missing ';' before 'std::for_each'
         Generating Code...
         Compiling...
         RunButton.cpp
         Generating Code...
         Compiling...
         main.cpp
         Generating Code...
     1>Done Building Project "C:\Users\KMU\Documents\Courses\Unity-Final-Exam4\ComputerGraphics\Origin\Origin\FrameWork\FrameWork.vcxproj" (build target(s)) -- FAILED.

Build FAILED.

Time Elapsed 00:00:03.75
